<?xml version='1.0' encoding='UTF-8'?>
<testsuite hostname="LAPTOP-JH9FTOJF" name="interpreter.LispSuite" tests="31" errors="0" failures="1" time="0.11">
                     <properties>
[...]
</properties>
                     <testcase classname="interpreter.LispSuite" name="addition" time="0.031">
                                                 
                                               </testcase><testcase classname="interpreter.LispSuite" name="expr1 / string2lisp" time="0.0">
                                                 
                                               </testcase><testcase classname="interpreter.LispSuite" name="expr1 / evaluate" time="0.0">
                                                 
                                               </testcase><testcase classname="interpreter.LispSuite" name="expr2 / string2lisp" time="0.0">
                                                 
                                               </testcase><testcase classname="interpreter.LispSuite" name="expr2 / evaluate" time="0.0">
                                                 
                                               </testcase><testcase classname="interpreter.LispSuite" name="expr3 / string2lisp" time="0.0">
                                                 
                                               </testcase><testcase classname="interpreter.LispSuite" name="expr3 / evaluate" time="0.0">
                                                 
                                               </testcase><testcase classname="interpreter.LispSuite" name="expr4 / string2lisp" time="0.0">
                                                 
                                               </testcase><testcase classname="interpreter.LispSuite" name="expr4 / evaluate" time="0.016">
                                                 
                                               </testcase><testcase classname="interpreter.LispSuite" name="defSugar1 / evaluate" time="0.0">
                                                 
                                               </testcase><testcase classname="interpreter.LispSuite" name="defSugar2 / evaluate" time="0.0">
                                                 
                                               </testcase><testcase classname="interpreter.LispSuite" name="defSugar3 / evaluate" time="0.016">
                                                 
                                               </testcase><testcase classname="interpreter.LispSuite" name="defSugar4 / evaluate" time="0.0">
                                                 
                                               </testcase><testcase classname="interpreter.LispSuite" name="caseSugar1 / evaluate" time="0.0">
                                                 
                                               </testcase><testcase classname="interpreter.LispSuite" name="caseSugar2 / evaluate" time="0.0">
                                                 
                                               </testcase><testcase classname="interpreter.LispSuite" name="caseSugar3 / evaluate" time="0.0">
                                                 
                                               </testcase><testcase classname="interpreter.LispSuite" name="caseSugar4 / evaluate" time="0.0">
                                                 
                                               </testcase><testcase classname="interpreter.LispSuite" name="caseSugar5 / evaluate" time="0.015">
                                                 
                                               </testcase><testcase classname="interpreter.LispSuite" name="sugar1 / evaluate" time="0.0">
                                                 
                                               </testcase><testcase classname="interpreter.LispSuite" name="differencesLisp1 / evaluate" time="0.0">
                                                 
                                               </testcase><testcase classname="interpreter.LispSuite" name="differencesLisp2 / evaluate" time="0.0">
                                                 
                                               </testcase><testcase classname="interpreter.LispSuite" name="differencesLisp3 / evaluate" time="0.0">
                                                 
                                               </testcase><testcase classname="interpreter.LispSuite" name="differencesLisp4 / evaluate" time="0.016">
                                                 
                                               </testcase><testcase classname="interpreter.LispSuite" name="differencesLisp5 / evaluate" time="0.0">
                                                 
                                               </testcase><testcase classname="interpreter.LispSuite" name="rebuildListLisp1 / evaluate" time="0.0">
                                                 
                                               </testcase><testcase classname="interpreter.LispSuite" name="rebuildListLisp2 / evaluate" time="0.0">
                                                 
                                               </testcase><testcase classname="interpreter.LispSuite" name="rebuildListLisp3 / evaluate" time="0.0">
                                                 
                                               </testcase><testcase classname="interpreter.LispSuite" name="rebuildListLisp4 / evaluate" time="0.016">
                                                 
                                               </testcase><testcase classname="interpreter.LispSuite" name="rebuildListLisp5 / evaluate" time="0.0">
                                                 
                                               </testcase><testcase classname="interpreter.LispSuite" name="FindLastElem / evaluate" time="0.0">
                                                 
                                               </testcase><testcase classname="interpreter.LispSuite" name="FindkthElemoflist / evaluate" time="0.0">
                                                 <failure message="undefined: if" type="sbt.ForkMain$ForkError">sbt.ForkMain$ForkError: undefined: if
	at scala.sys.package$.error(package.scala:27)
	at interpreter.Lisp$EmptyEnvironment$.lookup(Lisp.scala:129)
	at interpreter.Lisp$Environment$$anon$1.lookup(Lisp.scala:110)
	at interpreter.Lisp$Environment$$anon$1.lookup(Lisp.scala:110)
	at interpreter.Lisp$Environment$$anon$1.lookup(Lisp.scala:110)
	at interpreter.Lisp$Environment$$anon$1.lookup(Lisp.scala:110)
	at interpreter.Lisp$Environment$$anon$1.lookup(Lisp.scala:110)
	at interpreter.Lisp$Environment$$anon$1.lookup(Lisp.scala:110)
	at interpreter.Lisp$Environment$$anon$1.lookup(Lisp.scala:110)
	at interpreter.Lisp$Environment$$anon$1.lookup(Lisp.scala:110)
	at interpreter.Lisp$Environment$$anon$1.lookup(Lisp.scala:110)
	at interpreter.Lisp$Environment$$anon$1.lookup(Lisp.scala:110)
	at interpreter.Lisp$Environment$$anon$2.lookup(Lisp.scala:123)
	at interpreter.Lisp$Environment$$anon$2.lookup(Lisp.scala:123)
	at interpreter.Lisp$Environment$$anon$2.lookup(Lisp.scala:123)
	at interpreter.Lisp$Environment$$anon$2.lookup(Lisp.scala:123)
	at interpreter.Lisp$Environment$$anon$2.lookup(Lisp.scala:123)
	at interpreter.Lisp$Environment$$anon$2.lookup(Lisp.scala:123)
	at interpreter.Lisp$Environment$$anon$2.lookup(Lisp.scala:123)
	at interpreter.Lisp$Environment$$anon$2.lookup(Lisp.scala:123)
	at interpreter.Lisp$Environment$$anon$2.lookup(Lisp.scala:123)
	at interpreter.Lisp$Environment$$anon$2.lookup(Lisp.scala:123)
	at interpreter.Lisp$Environment$$anon$2.lookup(Lisp.scala:123)
	at interpreter.Lisp$Environment$$anon$2.lookup(Lisp.scala:123)
	at interpreter.Lisp$Environment$$anon$2.lookup(Lisp.scala:123)
	at interpreter.Lisp$Environment$$anon$2.lookup(Lisp.scala:123)
	at interpreter.Lisp$Environment$$anon$2.lookup(Lisp.scala:123)
	at interpreter.Lisp$Environment$$anon$2.lookup(Lisp.scala:123)
	at interpreter.Lisp$Environment$$anon$2.lookup(Lisp.scala:123)
	at interpreter.Lisp$Environment$$anon$2.lookup(Lisp.scala:123)
	at interpreter.Lisp$Environment$$anon$1.lookup(Lisp.scala:110)
	at interpreter.Lisp$Environment$$anon$1.lookup(Lisp.scala:110)
	at interpreter.Lisp$.eval1(Lisp.scala:165)
	at interpreter.Lisp$.eval(Lisp.scala:81)
	at interpreter.Lisp$.eval1(Lisp.scala:218)
	at interpreter.Lisp$.eval(Lisp.scala:81)
	at interpreter.Lisp$$anonfun$mkLambda$1.apply(Lisp.scala:226)
	at interpreter.Lisp$$anonfun$mkLambda$1.apply(Lisp.scala:226)
	at interpreter.Lisp$.apply(Lisp.scala:230)
	at interpreter.Lisp$.eval1(Lisp.scala:218)
	at interpreter.Lisp$.eval(Lisp.scala:81)
	at interpreter.Lisp$.eval1(Lisp.scala:190)
	at interpreter.Lisp$.eval(Lisp.scala:81)
	at interpreter.Lisp$.evaluate(Lisp.scala:70)
	at interpreter.Lisp$.evaluate(Lisp.scala:72)
	at interpreter.LispSuite$$anonfun$testLisp$3.apply$mcV$sp(LispSuite.scala:34)
	at interpreter.LispSuite$$anonfun$testLisp$3.apply(LispSuite.scala:34)
	at interpreter.LispSuite$$anonfun$testLisp$3.apply(LispSuite.scala:34)
	at org.scalatest.Transformer$$anonfun$apply$1.apply$mcV$sp(Transformer.scala:22)
	at org.scalatest.OutcomeOf$class.outcomeOf(OutcomeOf.scala:85)
	at org.scalatest.OutcomeOf$.outcomeOf(OutcomeOf.scala:104)
	at org.scalatest.Transformer.apply(Transformer.scala:22)
	at org.scalatest.Transformer.apply(Transformer.scala:20)
	at org.scalatest.FunSuiteLike$$anon$1.apply(FunSuiteLike.scala:166)
	at org.scalatest.Suite$class.withFixture(Suite.scala:1122)
	at org.scalatest.FunSuite.withFixture(FunSuite.scala:1555)
	at org.scalatest.FunSuiteLike$class.invokeWithFixture$1(FunSuiteLike.scala:163)
	at org.scalatest.FunSuiteLike$$anonfun$runTest$1.apply(FunSuiteLike.scala:175)
	at org.scalatest.FunSuiteLike$$anonfun$runTest$1.apply(FunSuiteLike.scala:175)
	at org.scalatest.SuperEngine.runTestImpl(Engine.scala:306)
	at org.scalatest.FunSuiteLike$class.runTest(FunSuiteLike.scala:175)
	at org.scalatest.FunSuite.runTest(FunSuite.scala:1555)
	at org.scalatest.FunSuiteLike$$anonfun$runTests$1.apply(FunSuiteLike.scala:208)
	at org.scalatest.FunSuiteLike$$anonfun$runTests$1.apply(FunSuiteLike.scala:208)
	at org.scalatest.SuperEngine$$anonfun$traverseSubNodes$1$1.apply(Engine.scala:413)
	at org.scalatest.SuperEngine$$anonfun$traverseSubNodes$1$1.apply(Engine.scala:401)
	at scala.collection.immutable.List.foreach(List.scala:381)
	at org.scalatest.SuperEngine.traverseSubNodes$1(Engine.scala:401)
	at org.scalatest.SuperEngine.org$scalatest$SuperEngine$$runTestsInBranch(Engine.scala:396)
	at org.scalatest.SuperEngine.runTestsImpl(Engine.scala:483)
	at org.scalatest.FunSuiteLike$class.runTests(FunSuiteLike.scala:208)
	at org.scalatest.FunSuite.runTests(FunSuite.scala:1555)
	at org.scalatest.Suite$class.run(Suite.scala:1424)
	at org.scalatest.FunSuite.org$scalatest$FunSuiteLike$$super$run(FunSuite.scala:1555)
	at org.scalatest.FunSuiteLike$$anonfun$run$1.apply(FunSuiteLike.scala:212)
	at org.scalatest.FunSuiteLike$$anonfun$run$1.apply(FunSuiteLike.scala:212)
	at org.scalatest.SuperEngine.runImpl(Engine.scala:545)
	at org.scalatest.FunSuiteLike$class.run(FunSuiteLike.scala:212)
	at org.scalatest.FunSuite.run(FunSuite.scala:1555)
	at org.scalatest.tools.Framework.org$scalatest$tools$Framework$$runSuite(Framework.scala:466)
	at org.scalatest.tools.Framework$ScalaTestTask.execute(Framework.scala:677)
	at sbt.ForkMain$Run$2.call(ForkMain.java:294)
	at sbt.ForkMain$Run$2.call(ForkMain.java:284)
	at java.util.concurrent.FutureTask.run(Unknown Source)
	at java.util.concurrent.ThreadPoolExecutor.runWorker(Unknown Source)
	at java.util.concurrent.ThreadPoolExecutor$Worker.run(Unknown Source)
	at java.lang.Thread.run(Unknown Source)
</failure>
                                               </testcase>
                     <system-out></system-out>
                     <system-err></system-err>
                   </testsuite>